<?xml version="1.0" encoding="UTF-8"?>
<!-- Generated by org.testng.reporters.JUnitXMLReporter -->
<testsuite ignored="0" hostname="XAV-502000020" failures="0" tests="2" name="Test-Chrome" time="24.1" errors="0" timestamp="2022-09-06T15:24:53 IST">
  <testcase classname="com.tmb.pagetests.RegistrationTest" name="registrationTest" time="12.958"/>
  <testcase classname="com.tmb.pagetests.RegistrationTest" name="registrationTest" time="12.987"/>
</testsuite> <!-- Test-Chrome -->
