<?xml version="1.0" encoding="UTF-8"?>
<!-- Generated by org.testng.reporters.JUnitReportReporter -->
<testsuite hostname="XAV-502000020" failures="0" tests="4" name="com.tmb.tests.NextGenTest" time="105.167" errors="0" timestamp="2022-07-26T10:34:04 IST" skipped="0">
  <testcase classname="com.tmb.tests.NextGenTest" name="login" time="27.521"/>
  <system-out/>
  <testcase classname="com.tmb.tests.NextGenTest" name="login" time="23.931"/>
  <system-out/>
  <testcase classname="com.tmb.tests.NextGenTest" name="registration" time="28.776"/>
  <system-out/>
  <testcase classname="com.tmb.tests.NextGenTest" name="registration" time="24.939"/>
  <system-out/>
</testsuite> <!-- com.tmb.tests.NextGenTest -->
