<?xml version="1.0" encoding="UTF-8"?>
<!-- Generated by org.testng.reporters.JUnitReportReporter -->
<testsuite hostname="XAV-502000020" failures="0" tests="1" name="com.tmb.tests.OrangeHRM" time="17.408" errors="0" timestamp="2022-07-21T20:40:18 IST" skipped="0">
  <testcase classname="com.tmb.tests.OrangeHRM" name="login" time="17.408"/>
  <system-out/>
</testsuite> <!-- com.tmb.tests.OrangeHRM -->
