<?xml version="1.0" encoding="UTF-8"?>
<!-- Generated by org.testng.reporters.JUnitReportReporter -->
<testsuite hostname="XAV-502000020" failures="0" tests="2" name="com.tmb.tests.NextGenRegistrationTest" time="24.580" errors="0" timestamp="2022-09-06T17:51:22 IST" skipped="0">
  <testcase classname="com.tmb.tests.NextGenRegistrationTest" name="login" time="11.285"/>
  <system-out/>
  <testcase classname="com.tmb.tests.NextGenRegistrationTest" name="registration" time="13.295"/>
  <system-out/>
</testsuite> <!-- com.tmb.tests.NextGenRegistrationTest -->
