<?xml version="1.0" encoding="UTF-8"?>
<!-- Generated by org.testng.reporters.JUnitReportReporter -->
<testsuite hostname="XAV-502000020" failures="0" tests="2" name="com.tmb.pagetests.RegistrationTest" time="36.225" errors="0" timestamp="2022-09-06T17:54:04 IST" skipped="0">
  <testcase classname="com.tmb.pagetests.RegistrationTest" name="registrationTest" time="18.028"/>
  <system-out/>
  <testcase classname="com.tmb.pagetests.RegistrationTest" name="registrationTest" time="18.197"/>
  <system-out/>
</testsuite> <!-- com.tmb.pagetests.RegistrationTest -->
