<?xml version="1.0" encoding="UTF-8"?>
<!-- Generated by org.testng.reporters.JUnitReportReporter -->
<testsuite hostname="XAV-502000020" failures="0" tests="4" name="com.tmb.tests.AlertPopupTest" time="40.267" errors="0" timestamp="2022-07-28T07:49:55 IST" skipped="1">
  <testcase classname="com.tmb.tests.AlertPopupTest" name="alertBox" time="12.976"/>
  <system-out/>
  <testcase classname="com.tmb.tests.AlertPopupTest" name="confirmAlertBox" time="13.441"/>
  <system-out/>
  <testcase classname="com.tmb.tests.AlertPopupTest" name="promptAlertBox" time="13.850"/>
  <system-out/>
  <testcase classname="com.tmb.tests.AlertPopupTest" name="login">
    <skipped/>
  </testcase> <!-- login -->
  <system-out/>
</testsuite> <!-- com.tmb.tests.AlertPopupTest -->
